<?xml version="1.0" encoding="UTF-8"?>
<!-- Generated by org.testng.reporters.JUnitReportReporter -->
<testsuite skipped="0" hostname="LAPTOP-94C2BHM7" name="com.roc.qa.testcases.LoginPageTest" tests="2" failures="0" timestamp="22 Jul 2020 11:09:59 GMT" time="42.426" errors="0">
  <testcase name="loginPageTitleTest" time="12.287" classname="com.roc.qa.testcases.LoginPageTest"/>
  <testcase name="loginTest" time="30.139" classname="com.roc.qa.testcases.LoginPageTest"/>
</testsuite> <!-- com.roc.qa.testcases.LoginPageTest -->
