<?xml version="1.0" encoding="UTF-8"?>
<!-- Generated by org.testng.reporters.JUnitReportReporter -->
<testsuite skipped="0" hostname="LAPTOP-94C2BHM7" name="ROC.Framework.Login_Test" tests="1" failures="0" timestamp="25 Jun 2020 18:32:51 GMT" time="46.830" errors="0">
  <testcase name="VerifyLoginPage" time="46.830" classname="ROC.Framework.Login_Test"/>
</testsuite> <!-- ROC.Framework.Login_Test -->
