<?xml version="1.0" encoding="UTF-8"?>
<!-- Generated by org.testng.reporters.JUnitReportReporter -->
<testsuite skipped="0" hostname="LAPTOP-94C2BHM7" name="com.roc.qa.testcases.HomePageTest" tests="5" failures="0" timestamp="22 Jul 2020 11:09:59 GMT" time="144.748" errors="0">
  <testcase name="HomePageTitleTest" time="26.487" classname="com.roc.qa.testcases.HomePageTest"/>
  <testcase name="LoginUserTest" time="27.866" classname="com.roc.qa.testcases.HomePageTest"/>
  <testcase name="TaskSearchPageTest" time="25.396" classname="com.roc.qa.testcases.HomePageTest"/>
  <testcase name="CollectedFilesTest" time="28.244" classname="com.roc.qa.testcases.HomePageTest"/>
  <testcase name="ExportButtonUnderTaskSummaryTest" time="36.755" classname="com.roc.qa.testcases.HomePageTest"/>
</testsuite> <!-- com.roc.qa.testcases.HomePageTest -->
