<?xml version="1.0" encoding="UTF-8"?>
<!-- Generated by org.testng.reporters.JUnitReportReporter -->
<testsuite skipped="0" hostname="LAPTOP-94C2BHM7" name="com.roc.qa.testcases.ElementPageTest" tests="1" failures="0" timestamp="13 Jul 2020 18:22:16 GMT" time="45.248" errors="0">
  <testcase name="createnewpageTest" time="45.248" classname="com.roc.qa.testcases.ElementPageTest"/>
</testsuite> <!-- com.roc.qa.testcases.ElementPageTest -->
