<?xml version="1.0" encoding="UTF-8"?>
<!-- Generated by org.testng.reporters.JUnitReportReporter -->
<testsuite skipped="0" hostname="LAPTOP-94C2BHM7" name="com.roc.qa.testcases.HomePageTest" tests="4" failures="0" timestamp="10 Jul 2020 11:16:56 GMT" time="125.295" errors="0">
  <testcase name="HomePageTitleTest" time="28.958" classname="com.roc.qa.testcases.HomePageTest"/>
  <testcase name="LoginUserTest" time="29.513" classname="com.roc.qa.testcases.HomePageTest"/>
  <testcase name="TaskSearchPageTest" time="29.442" classname="com.roc.qa.testcases.HomePageTest"/>
  <testcase name="ExportButtonUnderTaskSummaryTest" time="37.382" classname="com.roc.qa.testcases.HomePageTest"/>
</testsuite> <!-- com.roc.qa.testcases.HomePageTest -->
