<?xml version="1.0" encoding="UTF-8"?>
<!-- Generated by org.testng.reporters.JUnitReportReporter -->
<testsuite skipped="0" hostname="LAPTOP-94C2BHM7" name="ROC.Framework.toolTip" tests="1" failures="0" timestamp="25 Jun 2020 20:00:01 GMT" time="1.361" errors="0">
  <testcase name="VerifyTooltip" time="1.361" classname="ROC.Framework.toolTip"/>
</testsuite> <!-- ROC.Framework.toolTip -->
