<?xml version="1.0" encoding="UTF-8"?>
<!-- Generated by org.testng.reporters.JUnitReportReporter -->
<testsuite skipped="0" hostname="LAPTOP-94C2BHM7" name="com.roc.qa.testcases.LoginPageTest" tests="2" failures="0" timestamp="10 Jul 2020 09:27:14 GMT" time="42.020" errors="0">
  <testcase name="loginPageTitleTest" time="13.339" classname="com.roc.qa.testcases.LoginPageTest"/>
  <testcase name="loginTest" time="28.681" classname="com.roc.qa.testcases.LoginPageTest"/>
</testsuite> <!-- com.roc.qa.testcases.LoginPageTest -->
